

<!DOCTYPE html>
<html>
<head>
<meta charset="UTF-8">
<meta name="viewport" content="width=device-width, initial-scale=1, shrink-to-fit=no">
<title>Extent</title>
<link rel="apple-touch-icon" href="https://cdn.jsdelivr.net/gh/extent-framework/extent-github-cdn@b00a2d0486596e73dd7326beacf352c639623a0e/commons/img/logo.png">
<link rel="shortcut icon" href="https://cdn.jsdelivr.net/gh/extent-framework/extent-github-cdn@b00a2d0486596e73dd7326beacf352c639623a0e/commons/img/logo.png">
<link href="https://cdn.jsdelivr.net/gh/extent-framework/extent-github-cdn@d6562a79075e061305ccfdb82f01e5e195e2d307/spark/css/spark-style.css" rel="stylesheet" />
<link href="https://stackpath.bootstrapcdn.com/font-awesome/4.7.0/css/font-awesome.min.css" rel="stylesheet">
<script src="https://cdn.jsdelivr.net/gh/extent-framework/extent-github-cdn@7cc78ce/spark/js/jsontree.js"></script>
<style type="text/css"></style></head><body class="spa bdd-report dark">
  <div class="app">
    <div class="layout">
<div class="header navbar">
<div class="vheader">
<div class="nav-logo">
<a href="#">
<div class="logo" style="background-image: url('https://cdn.jsdelivr.net/gh/extent-framework/extent-github-cdn@b00a2d0486596e73dd7326beacf352c639623a0e/commons/img/logo.png')"></div>
</a>
</div>
<ul class="nav-left">
<li class="search-box">
<a class="search-toggle" href="#">
<i class="search-icon fa fa-search"></i>
<i class="search-icon-close fa fa-close"></i>
</a>
</li>
<li class="search-input"><input id="search-tests" class="form-control" type="text" placeholder="Search..."></li>
</ul>
<ul class="nav-right">
<li class="m-r-10">
<a href="#"><span class="badge badge-primary">Grasshopper Report</span></a>
</li>
<li class="m-r-10">
<a href="#"><span class="badge badge-primary">Apr 3, 2024 12:46:54 PM</span></a>
</li>
</ul>
</div>
</div><div class="side-nav">
<div class="side-nav-inner">
<ul class="side-nav-menu">
<li class="nav-item dropdown" onclick="toggleView('dashboard-view')">
<a id="nav-dashboard" class="dropdown-toggle" href="#">
<span class="ico"><i class="fa fa-bar-chart"></i></span>
</a>
</li>
<li class="nav-item dropdown" onclick="toggleView('test-view')">
<a id="nav-test" class="dropdown-toggle" href="#">
<span class="ico"><i class="fa fa-list"></i></span>
</a>
</li>
<li class="nav-item dropdown" onclick="toggleView('exception-view')">
<a id="nav-exception" class="dropdown-toggle" href="#">
<span class="ico"><i class="fa fa-bug"></i></span>
</a>
</li>
</ul>
</div>
</div>      <div class="vcontainer">
        <div class="main-content">
<div class="container-fluid p-4 view dashboard-view">
<div class="row">
<div class="col-md-3">
<div class="card"><div class="card-body">
<p class="m-b-0">Started</p>
<h3>Apr 3, 2024 12:46:54 PM</h3>
</div></div>
</div>
<div class="col-md-3">
<div class="card"><div class="card-body">
<p class="m-b-0">Ended</p>
<h3>Apr 3, 2024 12:47:10 PM</h3>
</div></div>
</div>
<div class="col-md-3">
<div class="card"><div class="card-body">
<p class="m-b-0 text-pass">Features Passed</p>
<h3>0</h3>
</div></div>
</div>
<div class="col-md-3">
<div class="card"><div class="card-body">
<p class="m-b-0 text-fail">Features Failed</p>
<h3>2</h3>
</div></div>
</div>
</div>
<div class="row">
<div class="col-md-4">
<div class="card">
<div class="card-header">
<h6 class="card-title">Features</h6>
</div>
<div class="card-body">
<div class="">
<canvas id='parent-analysis' width='115' height='90'></canvas>
</div>
</div>
<div class="card-footer">
<div><small data-tooltip='0%'>
<b>0</b> features passed
</small>
</div>
<div>
<small data-tooltip='100%'><b>2</b> features failed,
<b>0</b> skipped, <b data-tooltip='0%'>0</b> others
</small>
</div>
</div>
</div>
</div>
<div class="col-md-4">
<div class="card">
<div class="card-header">
<h6 class="card-title">Scenarios</h6>
</div>
<div class="card-body">
<div class="">
<canvas id='child-analysis' width='115' height='90'></canvas>
</div>
</div>
<div class="card-footer">
<div><small data-tooltip='0%'><b>0</b> scenarios passed</small></div>
<div>
<small data-tooltip='100%'><b>5</b> scenarios failed,
<b>0</b> skipped, <b data-tooltip='%'>0</b> others
</small>
</div>
</div>
</div>
</div>
<div class="col-md-4">
<div class="card">
<div class="card-header">
<h6 class="card-title">Steps</h6>
</div>
<div class="card-body">
<div class="">
<canvas id='grandchild-analysis' width='115' height='90'></canvas>
</div>
</div>
<div class="card-footer">
<div><small data-tooltip='0%'><b>0</b> steps passed</small></div>
<div>
<small data-tooltip='24%'><b>15</b> steps failed,
<b>47</b> skipped, <b data-tooltip='%'>0</b> others
</small>
</div>
</div>
</div>
</div>
</div>
<div class="row"><div class="col-md-12">
<div class="card"><div class="card-header"><p>Timeline</p></div>
<div class="card-body pt-0"><div>
<canvas id="timeline" height="120"></canvas>
</div></div>
</div>
</div></div>
<script>
var timeline = {
"To test the entire doctor module":4.486,"To the login Functionality":9.341
};
</script>
<div class="row">
<div class="col-lg-6 col-md-12 sysenv-container">
<div class="card">
<div class="card-header"><p>System/Environment</p></div>
<div class="card-body pb-0 pt-0"><table class="table table-sm table-bordered">
<thead><tr class="bg-gray"><th>Name</th><th>Value</th></tr></thead>
<tbody>
<tr>
<td>user</td>
<td>Sudeep</td>
</tr>
<tr>
<td>build</td>
<td>1.1</td>
</tr>
<tr>
<td>os</td>
<td>Windows</td>
</tr>
</tbody>
</table></div>
</div>
</div>
</div>
</div>
<script>
var statusGroup = {
parentCount: 5,
passParent: 0,
failParent: 2,
warningParent: 0,
skipParent: 0,
childCount: 5,
passChild: 0,
failChild: 5,
warningChild: 0,
skipChild: 0,
infoChild: 0,
grandChildCount: 5,
passGrandChild: 0,
failGrandChild: 15,
warningGrandChild: 0,
skipGrandChild: 47,
infoGrandChild: 0,
eventsCount: 5,
};
</script><div class="test-wrapper row view test-view">
  <div class="test-list">
    <div class="test-list-tools">
<ul class="tools pull-left">
<li><a href="#"><span class="font-size-14">Tests</span></a></li>
</ul>
<ul class="tools text-right">
<li class="dropdown">
<a href="#" class="dropdown-toggle" data-toggle="dropdown"><i class="fa fa-exclamation-circle"></i></a>
<ul id="status-toggle" class="dropdown-menu dropdown-md p-v-0">
<a class="dropdown-item" status="fail" href="#"><span>Fail</span><span class="status danger"></span></a>
<div class="dropdown-divider"></div>
<a status="clear" class="dropdown-item" href="#"><span>Clear</span><span class="pull-right"><i class="fa fa-close"></i></span></a>
</ul>
</li>
</ul>
</div>    <div class="test-list-wrapper scrollable">
      <ul class="test-list-item">
        <li class="test-item"  status="fail" test-id="1"
          author=""
          tag=""
          device="">
          <div class="test-detail">
            <p class="name">To test the entire doctor module</p>
            <p class="text-sm">
              <span>12:46:56 PM</span> / <span>00:00:04:486</span>
              <span class="badge fail-bg log float-right">Fail</span>
            </p>
          </div>
          <div class="test-contents d-none">
<div class="detail-head">
<div class="p-v-10">
<div class="info">
<h5 class="test-status text-fail">To test the entire doctor module</h5>
<span class='badge badge-success'>04.03.2024 12:46:56 PM</span>
<span class='badge badge-danger'>04.03.2024 12:47:00 PM</span>
<span class='badge badge-default'>00:00:04:486</span>
&middot; <span class='uri-anchor badge badge-default'>#test-id=1</span>
<span class='badge badge-default pointer float-right ml-1 et'><i class="fa fa-chevron-down"></i></span>
<span class='badge badge-default pointer float-right ct'><i class="fa fa-chevron-up"></i></span>
</div>
<div class="m-t-10 m-l-5"></div>
</div>
</div>
<div class="accordion mt-4">
  <div class="card">
    <div class="card-header" role="tab">
      <div class="card-title">
        <div class="node" id="2"><span class="badge log fail-bg mr-2">Fail</span>Add the prescription for the patient</div>
      </div>
    </div>
        <div class="">
          <div class="card-body">
              <div class="step fail-bg" title="BEFORE">
                <span>Hooks.configureHooks.launchBrowser()</span>
      <div>
        <textarea disabled class="code-block">org.openqa.selenium.SessionNotCreatedException: session not created: This version of ChromeDriver only supports Chrome version 114
Current browser version is 123.0.6312.88 with binary path C:\Program Files (x86)\Google\Chrome\Application\chrome.exe
Build info: version: '3.141.59', revision: 'e82be7d358', time: '2018-11-14T08:17:03'
System info: host: 'QASUDEEP', ip: '192.168.43.223', os.name: 'Windows 10', os.arch: 'amd64', os.version: '10.0', java.version: '17.0.9'
Driver info: driver.version: ChromeDriver
remote stacktrace: Backtrace:
	GetHandleVerifier [0x00E9A813+48355]
	(No symbol) [0x00E2C4B1]
	(No symbol) [0x00D35358]
	(No symbol) [0x00D561AC]
	(No symbol) [0x00D51EF3]
	(No symbol) [0x00D50579]
	(No symbol) [0x00D80C55]
	(No symbol) [0x00D8093C]
	(No symbol) [0x00D7A536]
	(No symbol) [0x00D582DC]
	(No symbol) [0x00D593DD]
	GetHandleVerifier [0x010FAABD+2539405]
	GetHandleVerifier [0x0113A78F+2800735]
	GetHandleVerifier [0x0113456C+2775612]
	GetHandleVerifier [0x00F251E0+616112]
	(No symbol) [0x00E35F8C]
	(No symbol) [0x00E32328]
	(No symbol) [0x00E3240B]
	(No symbol) [0x00E24FF7]
	BaseThreadInitThunk [0x7662FCC9+25]
	RtlGetAppContainerNamedObjectPath [0x77197C5E+286]
	RtlGetAppContainerNamedObjectPath [0x77197C2E+238]

	at java.base/jdk.internal.reflect.NativeConstructorAccessorImpl.newInstance0(Native Method)
	at java.base/jdk.internal.reflect.NativeConstructorAccessorImpl.newInstance(NativeConstructorAccessorImpl.java:77)
	at java.base/jdk.internal.reflect.DelegatingConstructorAccessorImpl.newInstance(DelegatingConstructorAccessorImpl.java:45)
	at java.base/java.lang.reflect.Constructor.newInstanceWithCaller(Constructor.java:499)
	at java.base/java.lang.reflect.Constructor.newInstance(Constructor.java:480)
	at org.openqa.selenium.remote.W3CHandshakeResponse.lambda$errorHandler$0(W3CHandshakeResponse.java:62)
	at org.openqa.selenium.remote.HandshakeResponse.lambda$getResponseFunction$0(HandshakeResponse.java:30)
	at org.openqa.selenium.remote.ProtocolHandshake.lambda$createSession$0(ProtocolHandshake.java:126)
	at java.base/java.util.stream.ReferencePipeline$3$1.accept(ReferencePipeline.java:197)
	at java.base/java.util.Spliterators$ArraySpliterator.tryAdvance(Spliterators.java:1002)
	at java.base/java.util.stream.ReferencePipeline.forEachWithCancel(ReferencePipeline.java:129)
	at java.base/java.util.stream.AbstractPipeline.copyIntoWithCancel(AbstractPipeline.java:527)
	at java.base/java.util.stream.AbstractPipeline.copyInto(AbstractPipeline.java:513)
	at java.base/java.util.stream.AbstractPipeline.wrapAndCopyInto(AbstractPipeline.java:499)
	at java.base/java.util.stream.FindOps$FindOp.evaluateSequential(FindOps.java:150)
	at java.base/java.util.stream.AbstractPipeline.evaluate(AbstractPipeline.java:234)
	at java.base/java.util.stream.ReferencePipeline.findFirst(ReferencePipeline.java:647)
	at org.openqa.selenium.remote.ProtocolHandshake.createSession(ProtocolHandshake.java:128)
	at org.openqa.selenium.remote.ProtocolHandshake.createSession(ProtocolHandshake.java:74)
	at org.openqa.selenium.remote.HttpCommandExecutor.execute(HttpCommandExecutor.java:136)
	at org.openqa.selenium.remote.service.DriverCommandExecutor.execute(DriverCommandExecutor.java:83)
	at org.openqa.selenium.remote.RemoteWebDriver.execute(RemoteWebDriver.java:552)
	at org.openqa.selenium.remote.RemoteWebDriver.startSession(RemoteWebDriver.java:213)
	at org.openqa.selenium.remote.RemoteWebDriver.<init>(RemoteWebDriver.java:131)
	at org.openqa.selenium.chrome.ChromeDriver.<init>(ChromeDriver.java:181)
	at org.openqa.selenium.chrome.ChromeDriver.<init>(ChromeDriver.java:168)
	at org.openqa.selenium.chrome.ChromeDriver.<init>(ChromeDriver.java:123)
	at driverFactory.DriverFactory.initializeDriver(DriverFactory.java:20)
	at Hooks.configureHooks.launchBrowser(configureHooks.java:34)
</textarea>
      
      </div>
              </div>
              <div class="step skip-bg" title="stepDefinitions.AddPrescriptionProcess.user_enters_url_as(java.lang.String)">
                <span>Given user enters url as "http://106.51.87.42:9007/"</span>
      <div>Step skipped
      </div>
              </div>
              <div class="step skip-bg" title="stepDefinitions.AddPrescriptionProcess.user_enter_email_as(java.lang.String)">
                <span>Given user enter email as "aunty@gmail.com"</span>
      <div>Step skipped
      </div>
              </div>
              <div class="step skip-bg" title="stepDefinitions.AddPrescriptionProcess.user_enter_the_password_as(java.lang.String)">
                <span>And user enter the password as "12345678"</span>
      <div>Step skipped
      </div>
              </div>
              <div class="step skip-bg" title="stepDefinitions.AddPrescriptionProcess.user_click_on_login_button()">
                <span>And user click on login button</span>
      <div>Step skipped
      </div>
              </div>
              <div class="step skip-bg" title="stepDefinitions.login.page_should_be_displayed(java.lang.String)">
                <span>Then "Doctor Dashboard" page should be displayed</span>
      <div>Step skipped
      </div>
              </div>
              <div class="step skip-bg" title="stepDefinitions.AddPrescriptionProcess.doctor_clicks_on_prescription_link()">
                <span>When doctor clicks on prescription link</span>
      <div>Step skipped
      </div>
              </div>
              <div class="step skip-bg" title="stepDefinitions.AddPrescriptionProcess.the_title_of_the_page_should_be(java.lang.String)">
                <span>Then the title of the page should be "Prescription - Hospital Management System"</span>
      <div>Step skipped
      </div>
              </div>
              <div class="step skip-bg" title="stepDefinitions.AddPrescriptionProcess.doctor_clicks_on_add_prescription_button()">
                <span>When doctor clicks on add prescription button</span>
      <div>Step skipped
      </div>
              </div>
              <div class="step skip-bg" title="stepDefinitions.AddPrescriptionProcess.prescription_pop_up_should_be_displayed(java.lang.String)">
                <span>Then "Add Prescription" prescription pop-up should be displayed</span>
      <div>Step skipped
      </div>
              </div>
              <div class="step skip-bg" title="stepDefinitions.AddPrescriptionProcess.select_the_date()">
                <span>And select the date</span>
      <div>Step skipped
      </div>
              </div>
              <div class="step skip-bg" title="stepDefinitions.AddPrescriptionProcess.select_the_time()">
                <span>And select the time</span>
      <div>Step skipped
      </div>
              </div>
              <div class="step skip-bg" title="stepDefinitions.AddPrescriptionProcess.select_the_patient_as(java.lang.String)">
                <span>And select the patient as "salman"</span>
      <div>Step skipped
      </div>
              </div>
              <div class="step skip-bg" title="stepDefinitions.AddPrescriptionProcess.enter_values_into_case_history()">
                <span>And enter values into case history</span>
      <div>Step skipped
      </div>
              </div>
              <div class="step skip-bg" title="stepDefinitions.AddPrescriptionProcess.enter_values_into_medications()">
                <span>And enter values into medications</span>
      <div>Step skipped
      </div>
              </div>
              <div class="step skip-bg" title="stepDefinitions.AddPrescriptionProcess.enter_values_into_notes()">
                <span>And enter values into notes</span>
      <div>Step skipped
      </div>
              </div>
              <div class="step skip-bg" title="stepDefinitions.AddPrescriptionProcess.click_on_submit_button()">
                <span>And click on submit button</span>
      <div>Step skipped
      </div>
              </div>
              <div class="step skip-bg" title="stepDefinitions.AddPrescriptionProcess.check_whether_patient_name_as_is_displayed(java.lang.String)">
                <span>Then check whether patient name as "salman" is displayed</span>
      <div>Step skipped
      </div>
              </div>
              <div class="step skip-bg" title="stepDefinitions.AddPrescriptionProcess.click_on_logout_button()">
                <span>And click on logout button</span>
      <div>Step skipped
      </div>
              </div>
              <div class="step skip-bg" title="stepDefinitions.AddPrescriptionProcess.user_enter_email_as(java.lang.String)">
                <span>Given user enter email as "salman@gmail.com"</span>
      <div>Step skipped
      </div>
              </div>
              <div class="step skip-bg" title="stepDefinitions.AddPrescriptionProcess.user_enter_the_password_as(java.lang.String)">
                <span>And user enter the password as "1234"</span>
      <div>Step skipped
      </div>
              </div>
              <div class="step skip-bg" title="stepDefinitions.AddPrescriptionProcess.user_click_on_login_button()">
                <span>And user click on login button</span>
      <div>Step skipped
      </div>
              </div>
              <div class="step skip-bg" title="stepDefinitions.login.page_should_be_displayed(java.lang.String)">
                <span>Then "Patient Dashboard" page should be displayed</span>
      <div>Step skipped
      </div>
              </div>
              <div class="step skip-bg" title="stepDefinitions.AddPrescriptionProcess.patient_clicks_on_prescription_link()">
                <span>When patient clicks on prescription link</span>
      <div>Step skipped
      </div>
              </div>
              <div class="step skip-bg" title="stepDefinitions.AddPrescriptionProcess.the_title_of_the_page_should_be(java.lang.String)">
                <span>Then the title of the page should be "Prescription - Hospital Management System"</span>
      <div>Step skipped
      </div>
              </div>
              <div class="step skip-bg" title="stepDefinitions.AddPrescriptionProcess.fetch_the_appointment_details_of_patient()">
                <span>Then fetch the appointment details of patient</span>
      <div>Step skipped
      </div>
              </div>
              <div class="step skip-bg" title="stepDefinitions.AddPrescriptionProcess.check_whether_patient_name_as_is_displayed(java.lang.String)">
                <span>And check whether patient name as "salman" is displayed</span>
      <div>Step skipped
      </div>
              </div>
              <div class="step skip-bg" title="stepDefinitions.AddPrescriptionProcess.click_on_logout_button()">
                <span>And click on logout button</span>
      <div>Step skipped
      </div>
              </div>
              <div class="step fail-bg" title="AFTER">
                <span>Hooks.configureHooks.tearDown(io.cucumber.java.Scenario)</span>
      <div>
        <textarea disabled class="code-block">java.lang.NullPointerException: Cannot invoke "org.openqa.selenium.TakesScreenshot.getScreenshotAs(org.openqa.selenium.OutputType)" because "this.driver" is null
	at Hooks.configureHooks.tearDown(configureHooks.java:49)
</textarea>
      
      </div>
              </div>
              <div class="step fail-bg" title="AFTER">
                <span>Hooks.configureHooks.quitBrowser()</span>
      <div>
        <textarea disabled class="code-block">java.lang.NullPointerException: Cannot invoke "org.openqa.selenium.WebDriver.quit()" because "this.driver" is null
	at Hooks.configureHooks.quitBrowser(configureHooks.java:40)
</textarea>
      
      </div>
              </div>
          </div>
        </div>
  </div>
</div>
          </div>
        </li>
        <li class="test-item"  status="fail" test-id="34"
          author=""
          tag=""
          device="">
          <div class="test-detail">
            <p class="name">To the login Functionality</p>
            <p class="text-sm">
              <span>12:47:00 PM</span> / <span>00:00:09:341</span>
              <span class="badge fail-bg log float-right">Fail</span>
            </p>
          </div>
          <div class="test-contents d-none">
<div class="detail-head">
<div class="p-v-10">
<div class="info">
<h5 class="test-status text-fail">To the login Functionality</h5>
<span class='badge badge-success'>04.03.2024 12:47:00 PM</span>
<span class='badge badge-danger'>04.03.2024 12:47:10 PM</span>
<span class='badge badge-default'>00:00:09:341</span>
&middot; <span class='uri-anchor badge badge-default'>#test-id=34</span>
<span class='badge badge-default pointer float-right ml-1 et'><i class="fa fa-chevron-down"></i></span>
<span class='badge badge-default pointer float-right ct'><i class="fa fa-chevron-up"></i></span>
</div>
<div class="m-t-10 m-l-5"></div>
</div>
</div>
<div class="accordion mt-4">
  <div class="card">
    <div class="card-header" role="tab">
      <div class="card-title">
        <div class="node" id="35"><span class="badge log fail-bg mr-2">Fail</span>To test whether the doctor can login with the credentials</div>
      </div>
    </div>
        <div class="">
          <div class="card-body">
              <div class="step fail-bg" title="BEFORE">
                <span>Hooks.configureHooks.launchBrowser()</span>
      <div>
        <textarea disabled class="code-block">org.openqa.selenium.SessionNotCreatedException: session not created: This version of ChromeDriver only supports Chrome version 114
Current browser version is 123.0.6312.88 with binary path C:\Program Files (x86)\Google\Chrome\Application\chrome.exe
Build info: version: '3.141.59', revision: 'e82be7d358', time: '2018-11-14T08:17:03'
System info: host: 'QASUDEEP', ip: '192.168.43.223', os.name: 'Windows 10', os.arch: 'amd64', os.version: '10.0', java.version: '17.0.9'
Driver info: driver.version: ChromeDriver
remote stacktrace: Backtrace:
	GetHandleVerifier [0x00E9A813+48355]
	(No symbol) [0x00E2C4B1]
	(No symbol) [0x00D35358]
	(No symbol) [0x00D561AC]
	(No symbol) [0x00D51EF3]
	(No symbol) [0x00D50579]
	(No symbol) [0x00D80C55]
	(No symbol) [0x00D8093C]
	(No symbol) [0x00D7A536]
	(No symbol) [0x00D582DC]
	(No symbol) [0x00D593DD]
	GetHandleVerifier [0x010FAABD+2539405]
	GetHandleVerifier [0x0113A78F+2800735]
	GetHandleVerifier [0x0113456C+2775612]
	GetHandleVerifier [0x00F251E0+616112]
	(No symbol) [0x00E35F8C]
	(No symbol) [0x00E32328]
	(No symbol) [0x00E3240B]
	(No symbol) [0x00E24FF7]
	BaseThreadInitThunk [0x7662FCC9+25]
	RtlGetAppContainerNamedObjectPath [0x77197C5E+286]
	RtlGetAppContainerNamedObjectPath [0x77197C2E+238]

	at java.base/jdk.internal.reflect.NativeConstructorAccessorImpl.newInstance0(Native Method)
	at java.base/jdk.internal.reflect.NativeConstructorAccessorImpl.newInstance(NativeConstructorAccessorImpl.java:77)
	at java.base/jdk.internal.reflect.DelegatingConstructorAccessorImpl.newInstance(DelegatingConstructorAccessorImpl.java:45)
	at java.base/java.lang.reflect.Constructor.newInstanceWithCaller(Constructor.java:499)
	at java.base/java.lang.reflect.Constructor.newInstance(Constructor.java:480)
	at org.openqa.selenium.remote.W3CHandshakeResponse.lambda$errorHandler$0(W3CHandshakeResponse.java:62)
	at org.openqa.selenium.remote.HandshakeResponse.lambda$getResponseFunction$0(HandshakeResponse.java:30)
	at org.openqa.selenium.remote.ProtocolHandshake.lambda$createSession$0(ProtocolHandshake.java:126)
	at java.base/java.util.stream.ReferencePipeline$3$1.accept(ReferencePipeline.java:197)
	at java.base/java.util.Spliterators$ArraySpliterator.tryAdvance(Spliterators.java:1002)
	at java.base/java.util.stream.ReferencePipeline.forEachWithCancel(ReferencePipeline.java:129)
	at java.base/java.util.stream.AbstractPipeline.copyIntoWithCancel(AbstractPipeline.java:527)
	at java.base/java.util.stream.AbstractPipeline.copyInto(AbstractPipeline.java:513)
	at java.base/java.util.stream.AbstractPipeline.wrapAndCopyInto(AbstractPipeline.java:499)
	at java.base/java.util.stream.FindOps$FindOp.evaluateSequential(FindOps.java:150)
	at java.base/java.util.stream.AbstractPipeline.evaluate(AbstractPipeline.java:234)
	at java.base/java.util.stream.ReferencePipeline.findFirst(ReferencePipeline.java:647)
	at org.openqa.selenium.remote.ProtocolHandshake.createSession(ProtocolHandshake.java:128)
	at org.openqa.selenium.remote.ProtocolHandshake.createSession(ProtocolHandshake.java:74)
	at org.openqa.selenium.remote.HttpCommandExecutor.execute(HttpCommandExecutor.java:136)
	at org.openqa.selenium.remote.service.DriverCommandExecutor.execute(DriverCommandExecutor.java:83)
	at org.openqa.selenium.remote.RemoteWebDriver.execute(RemoteWebDriver.java:552)
	at org.openqa.selenium.remote.RemoteWebDriver.startSession(RemoteWebDriver.java:213)
	at org.openqa.selenium.remote.RemoteWebDriver.<init>(RemoteWebDriver.java:131)
	at org.openqa.selenium.chrome.ChromeDriver.<init>(ChromeDriver.java:181)
	at org.openqa.selenium.chrome.ChromeDriver.<init>(ChromeDriver.java:168)
	at org.openqa.selenium.chrome.ChromeDriver.<init>(ChromeDriver.java:123)
	at driverFactory.DriverFactory.initializeDriver(DriverFactory.java:20)
	at Hooks.configureHooks.launchBrowser(configureHooks.java:34)
</textarea>
      
      </div>
              </div>
              <div class="step skip-bg" title="stepDefinitions.login.when_user_enters_url_as(java.lang.String)">
                <span>Given when user enters url as "http://106.51.87.42:9007/"</span>
      <div>Step skipped
      </div>
              </div>
              <div class="step skip-bg" title="stepDefinitions.login.doctor_enters_the_email_as(java.lang.String)">
                <span>When doctor enters the email as "aunty@gmail.com"</span>
      <div>Step skipped
      </div>
              </div>
              <div class="step skip-bg" title="stepDefinitions.login.doctor_enters_the_password_as(java.lang.String)">
                <span>And doctor enters the password as "12345678"</span>
      <div>Step skipped
      </div>
              </div>
              <div class="step skip-bg" title="stepDefinitions.login.click_on_login_button()">
                <span>And click on login button</span>
      <div>Step skipped
      </div>
              </div>
              <div class="step skip-bg" title="stepDefinitions.login.page_should_be_displayed(java.lang.String)">
                <span>Then " Doctor Dashboard " page should be displayed</span>
      <div>Step skipped
      </div>
              </div>
              <div class="step fail-bg" title="AFTER">
                <span>Hooks.configureHooks.tearDown(io.cucumber.java.Scenario)</span>
      <div>
        <textarea disabled class="code-block">java.lang.NullPointerException: Cannot invoke "org.openqa.selenium.TakesScreenshot.getScreenshotAs(org.openqa.selenium.OutputType)" because "this.driver" is null
	at Hooks.configureHooks.tearDown(configureHooks.java:49)
</textarea>
      
      </div>
              </div>
              <div class="step fail-bg" title="AFTER">
                <span>Hooks.configureHooks.quitBrowser()</span>
      <div>
        <textarea disabled class="code-block">java.lang.NullPointerException: Cannot invoke "org.openqa.selenium.WebDriver.quit()" because "this.driver" is null
	at Hooks.configureHooks.quitBrowser(configureHooks.java:40)
</textarea>
      
      </div>
              </div>
          </div>
        </div>
  </div>
  <div class="card">
    <div class="card-header" role="tab">
      <div class="card-title">
        <div class="node" id="45"><span class="badge log fail-bg mr-2">Fail</span>To test whether the patient can login with the credentials</div>
      </div>
    </div>
        <div class="">
          <div class="card-body">
              <div class="step fail-bg" title="BEFORE">
                <span>Hooks.configureHooks.launchBrowser()</span>
      <div>
        <textarea disabled class="code-block">org.openqa.selenium.SessionNotCreatedException: session not created: This version of ChromeDriver only supports Chrome version 114
Current browser version is 123.0.6312.88 with binary path C:\Program Files (x86)\Google\Chrome\Application\chrome.exe
Build info: version: '3.141.59', revision: 'e82be7d358', time: '2018-11-14T08:17:03'
System info: host: 'QASUDEEP', ip: '192.168.43.223', os.name: 'Windows 10', os.arch: 'amd64', os.version: '10.0', java.version: '17.0.9'
Driver info: driver.version: ChromeDriver
remote stacktrace: Backtrace:
	GetHandleVerifier [0x00E9A813+48355]
	(No symbol) [0x00E2C4B1]
	(No symbol) [0x00D35358]
	(No symbol) [0x00D561AC]
	(No symbol) [0x00D51EF3]
	(No symbol) [0x00D50579]
	(No symbol) [0x00D80C55]
	(No symbol) [0x00D8093C]
	(No symbol) [0x00D7A536]
	(No symbol) [0x00D582DC]
	(No symbol) [0x00D593DD]
	GetHandleVerifier [0x010FAABD+2539405]
	GetHandleVerifier [0x0113A78F+2800735]
	GetHandleVerifier [0x0113456C+2775612]
	GetHandleVerifier [0x00F251E0+616112]
	(No symbol) [0x00E35F8C]
	(No symbol) [0x00E32328]
	(No symbol) [0x00E3240B]
	(No symbol) [0x00E24FF7]
	BaseThreadInitThunk [0x7662FCC9+25]
	RtlGetAppContainerNamedObjectPath [0x77197C5E+286]
	RtlGetAppContainerNamedObjectPath [0x77197C2E+238]

	at java.base/jdk.internal.reflect.NativeConstructorAccessorImpl.newInstance0(Native Method)
	at java.base/jdk.internal.reflect.NativeConstructorAccessorImpl.newInstance(NativeConstructorAccessorImpl.java:77)
	at java.base/jdk.internal.reflect.DelegatingConstructorAccessorImpl.newInstance(DelegatingConstructorAccessorImpl.java:45)
	at java.base/java.lang.reflect.Constructor.newInstanceWithCaller(Constructor.java:499)
	at java.base/java.lang.reflect.Constructor.newInstance(Constructor.java:480)
	at org.openqa.selenium.remote.W3CHandshakeResponse.lambda$errorHandler$0(W3CHandshakeResponse.java:62)
	at org.openqa.selenium.remote.HandshakeResponse.lambda$getResponseFunction$0(HandshakeResponse.java:30)
	at org.openqa.selenium.remote.ProtocolHandshake.lambda$createSession$0(ProtocolHandshake.java:126)
	at java.base/java.util.stream.ReferencePipeline$3$1.accept(ReferencePipeline.java:197)
	at java.base/java.util.Spliterators$ArraySpliterator.tryAdvance(Spliterators.java:1002)
	at java.base/java.util.stream.ReferencePipeline.forEachWithCancel(ReferencePipeline.java:129)
	at java.base/java.util.stream.AbstractPipeline.copyIntoWithCancel(AbstractPipeline.java:527)
	at java.base/java.util.stream.AbstractPipeline.copyInto(AbstractPipeline.java:513)
	at java.base/java.util.stream.AbstractPipeline.wrapAndCopyInto(AbstractPipeline.java:499)
	at java.base/java.util.stream.FindOps$FindOp.evaluateSequential(FindOps.java:150)
	at java.base/java.util.stream.AbstractPipeline.evaluate(AbstractPipeline.java:234)
	at java.base/java.util.stream.ReferencePipeline.findFirst(ReferencePipeline.java:647)
	at org.openqa.selenium.remote.ProtocolHandshake.createSession(ProtocolHandshake.java:128)
	at org.openqa.selenium.remote.ProtocolHandshake.createSession(ProtocolHandshake.java:74)
	at org.openqa.selenium.remote.HttpCommandExecutor.execute(HttpCommandExecutor.java:136)
	at org.openqa.selenium.remote.service.DriverCommandExecutor.execute(DriverCommandExecutor.java:83)
	at org.openqa.selenium.remote.RemoteWebDriver.execute(RemoteWebDriver.java:552)
	at org.openqa.selenium.remote.RemoteWebDriver.startSession(RemoteWebDriver.java:213)
	at org.openqa.selenium.remote.RemoteWebDriver.<init>(RemoteWebDriver.java:131)
	at org.openqa.selenium.chrome.ChromeDriver.<init>(ChromeDriver.java:181)
	at org.openqa.selenium.chrome.ChromeDriver.<init>(ChromeDriver.java:168)
	at org.openqa.selenium.chrome.ChromeDriver.<init>(ChromeDriver.java:123)
	at driverFactory.DriverFactory.initializeDriver(DriverFactory.java:20)
	at Hooks.configureHooks.launchBrowser(configureHooks.java:34)
</textarea>
      
      </div>
              </div>
              <div class="step skip-bg" title="stepDefinitions.login.when_user_enters_url_as(java.lang.String)">
                <span>Given when user enters url as "http://106.51.87.42:9007/"</span>
      <div>Step skipped
      </div>
              </div>
              <div class="step skip-bg" title="stepDefinitions.login.patient_enters_the_email_as(java.lang.String)">
                <span>When patient enters the email as "salman@gmail.com"</span>
      <div>Step skipped
      </div>
              </div>
              <div class="step skip-bg" title="stepDefinitions.login.patient_enters_the_password_as(java.lang.String)">
                <span>And patient enters the password as "1234"</span>
      <div>Step skipped
      </div>
              </div>
              <div class="step skip-bg" title="stepDefinitions.login.click_on_login_button()">
                <span>And click on login button</span>
      <div>Step skipped
      </div>
              </div>
              <div class="step skip-bg" title="stepDefinitions.login.page_should_be_displayed(java.lang.String)">
                <span>Then "Patient Dashboard" page should be displayed</span>
      <div>Step skipped
      </div>
              </div>
              <div class="step fail-bg" title="AFTER">
                <span>Hooks.configureHooks.tearDown(io.cucumber.java.Scenario)</span>
      <div>
        <textarea disabled class="code-block">java.lang.NullPointerException: Cannot invoke "org.openqa.selenium.TakesScreenshot.getScreenshotAs(org.openqa.selenium.OutputType)" because "this.driver" is null
	at Hooks.configureHooks.tearDown(configureHooks.java:49)
</textarea>
      
      </div>
              </div>
              <div class="step fail-bg" title="AFTER">
                <span>Hooks.configureHooks.quitBrowser()</span>
      <div>
        <textarea disabled class="code-block">java.lang.NullPointerException: Cannot invoke "org.openqa.selenium.WebDriver.quit()" because "this.driver" is null
	at Hooks.configureHooks.quitBrowser(configureHooks.java:40)
</textarea>
      
      </div>
              </div>
          </div>
        </div>
  </div>
  <div class="card">
    <div class="card-header" role="tab">
      <div class="card-title">
        <div class="node" id="55"><span class="badge log fail-bg mr-2">Fail</span>To test whether the nurse can login with the credentials</div>
      </div>
    </div>
        <div class="">
          <div class="card-body">
              <div class="step fail-bg" title="BEFORE">
                <span>Hooks.configureHooks.launchBrowser()</span>
      <div>
        <textarea disabled class="code-block">org.openqa.selenium.SessionNotCreatedException: session not created: This version of ChromeDriver only supports Chrome version 114
Current browser version is 123.0.6312.88 with binary path C:\Program Files (x86)\Google\Chrome\Application\chrome.exe
Build info: version: '3.141.59', revision: 'e82be7d358', time: '2018-11-14T08:17:03'
System info: host: 'QASUDEEP', ip: '192.168.43.223', os.name: 'Windows 10', os.arch: 'amd64', os.version: '10.0', java.version: '17.0.9'
Driver info: driver.version: ChromeDriver
remote stacktrace: Backtrace:
	GetHandleVerifier [0x00E9A813+48355]
	(No symbol) [0x00E2C4B1]
	(No symbol) [0x00D35358]
	(No symbol) [0x00D561AC]
	(No symbol) [0x00D51EF3]
	(No symbol) [0x00D50579]
	(No symbol) [0x00D80C55]
	(No symbol) [0x00D8093C]
	(No symbol) [0x00D7A536]
	(No symbol) [0x00D582DC]
	(No symbol) [0x00D593DD]
	GetHandleVerifier [0x010FAABD+2539405]
	GetHandleVerifier [0x0113A78F+2800735]
	GetHandleVerifier [0x0113456C+2775612]
	GetHandleVerifier [0x00F251E0+616112]
	(No symbol) [0x00E35F8C]
	(No symbol) [0x00E32328]
	(No symbol) [0x00E3240B]
	(No symbol) [0x00E24FF7]
	BaseThreadInitThunk [0x7662FCC9+25]
	RtlGetAppContainerNamedObjectPath [0x77197C5E+286]
	RtlGetAppContainerNamedObjectPath [0x77197C2E+238]

	at java.base/jdk.internal.reflect.NativeConstructorAccessorImpl.newInstance0(Native Method)
	at java.base/jdk.internal.reflect.NativeConstructorAccessorImpl.newInstance(NativeConstructorAccessorImpl.java:77)
	at java.base/jdk.internal.reflect.DelegatingConstructorAccessorImpl.newInstance(DelegatingConstructorAccessorImpl.java:45)
	at java.base/java.lang.reflect.Constructor.newInstanceWithCaller(Constructor.java:499)
	at java.base/java.lang.reflect.Constructor.newInstance(Constructor.java:480)
	at org.openqa.selenium.remote.W3CHandshakeResponse.lambda$errorHandler$0(W3CHandshakeResponse.java:62)
	at org.openqa.selenium.remote.HandshakeResponse.lambda$getResponseFunction$0(HandshakeResponse.java:30)
	at org.openqa.selenium.remote.ProtocolHandshake.lambda$createSession$0(ProtocolHandshake.java:126)
	at java.base/java.util.stream.ReferencePipeline$3$1.accept(ReferencePipeline.java:197)
	at java.base/java.util.Spliterators$ArraySpliterator.tryAdvance(Spliterators.java:1002)
	at java.base/java.util.stream.ReferencePipeline.forEachWithCancel(ReferencePipeline.java:129)
	at java.base/java.util.stream.AbstractPipeline.copyIntoWithCancel(AbstractPipeline.java:527)
	at java.base/java.util.stream.AbstractPipeline.copyInto(AbstractPipeline.java:513)
	at java.base/java.util.stream.AbstractPipeline.wrapAndCopyInto(AbstractPipeline.java:499)
	at java.base/java.util.stream.FindOps$FindOp.evaluateSequential(FindOps.java:150)
	at java.base/java.util.stream.AbstractPipeline.evaluate(AbstractPipeline.java:234)
	at java.base/java.util.stream.ReferencePipeline.findFirst(ReferencePipeline.java:647)
	at org.openqa.selenium.remote.ProtocolHandshake.createSession(ProtocolHandshake.java:128)
	at org.openqa.selenium.remote.ProtocolHandshake.createSession(ProtocolHandshake.java:74)
	at org.openqa.selenium.remote.HttpCommandExecutor.execute(HttpCommandExecutor.java:136)
	at org.openqa.selenium.remote.service.DriverCommandExecutor.execute(DriverCommandExecutor.java:83)
	at org.openqa.selenium.remote.RemoteWebDriver.execute(RemoteWebDriver.java:552)
	at org.openqa.selenium.remote.RemoteWebDriver.startSession(RemoteWebDriver.java:213)
	at org.openqa.selenium.remote.RemoteWebDriver.<init>(RemoteWebDriver.java:131)
	at org.openqa.selenium.chrome.ChromeDriver.<init>(ChromeDriver.java:181)
	at org.openqa.selenium.chrome.ChromeDriver.<init>(ChromeDriver.java:168)
	at org.openqa.selenium.chrome.ChromeDriver.<init>(ChromeDriver.java:123)
	at driverFactory.DriverFactory.initializeDriver(DriverFactory.java:20)
	at Hooks.configureHooks.launchBrowser(configureHooks.java:34)
</textarea>
      
      </div>
              </div>
              <div class="step skip-bg" title="stepDefinitions.login.when_user_enters_url_as(java.lang.String)">
                <span>Given when user enters url as "http://106.51.87.42:9007/"</span>
      <div>Step skipped
      </div>
              </div>
              <div class="step skip-bg" title="stepDefinitions.login.patient_enters_the_email_as(java.lang.String)">
                <span>When patient enters the email as "tumpa@gmail.com"</span>
      <div>Step skipped
      </div>
              </div>
              <div class="step skip-bg" title="stepDefinitions.login.patient_enters_the_password_as(java.lang.String)">
                <span>And patient enters the password as "12345678"</span>
      <div>Step skipped
      </div>
              </div>
              <div class="step skip-bg" title="stepDefinitions.login.click_on_login_button()">
                <span>And click on login button</span>
      <div>Step skipped
      </div>
              </div>
              <div class="step skip-bg" title="stepDefinitions.login.page_should_be_displayed(java.lang.String)">
                <span>Then "Nurse Dashboard" page should be displayed</span>
      <div>Step skipped
      </div>
              </div>
              <div class="step fail-bg" title="AFTER">
                <span>Hooks.configureHooks.tearDown(io.cucumber.java.Scenario)</span>
      <div>
        <textarea disabled class="code-block">java.lang.NullPointerException: Cannot invoke "org.openqa.selenium.TakesScreenshot.getScreenshotAs(org.openqa.selenium.OutputType)" because "this.driver" is null
	at Hooks.configureHooks.tearDown(configureHooks.java:49)
</textarea>
      
      </div>
              </div>
              <div class="step fail-bg" title="AFTER">
                <span>Hooks.configureHooks.quitBrowser()</span>
      <div>
        <textarea disabled class="code-block">java.lang.NullPointerException: Cannot invoke "org.openqa.selenium.WebDriver.quit()" because "this.driver" is null
	at Hooks.configureHooks.quitBrowser(configureHooks.java:40)
</textarea>
      
      </div>
              </div>
          </div>
        </div>
  </div>
  <div class="card">
    <div class="card-header" role="tab">
      <div class="card-title">
        <div class="node" id="65"><span class="badge log fail-bg mr-2">Fail</span>To test whether the pharmacist can login with the credentials</div>
      </div>
    </div>
        <div class="">
          <div class="card-body">
              <div class="step fail-bg" title="BEFORE">
                <span>Hooks.configureHooks.launchBrowser()</span>
      <div>
        <textarea disabled class="code-block">org.openqa.selenium.SessionNotCreatedException: session not created: This version of ChromeDriver only supports Chrome version 114
Current browser version is 123.0.6312.88 with binary path C:\Program Files (x86)\Google\Chrome\Application\chrome.exe
Build info: version: '3.141.59', revision: 'e82be7d358', time: '2018-11-14T08:17:03'
System info: host: 'QASUDEEP', ip: '192.168.43.223', os.name: 'Windows 10', os.arch: 'amd64', os.version: '10.0', java.version: '17.0.9'
Driver info: driver.version: ChromeDriver
remote stacktrace: Backtrace:
	GetHandleVerifier [0x00E9A813+48355]
	(No symbol) [0x00E2C4B1]
	(No symbol) [0x00D35358]
	(No symbol) [0x00D561AC]
	(No symbol) [0x00D51EF3]
	(No symbol) [0x00D50579]
	(No symbol) [0x00D80C55]
	(No symbol) [0x00D8093C]
	(No symbol) [0x00D7A536]
	(No symbol) [0x00D582DC]
	(No symbol) [0x00D593DD]
	GetHandleVerifier [0x010FAABD+2539405]
	GetHandleVerifier [0x0113A78F+2800735]
	GetHandleVerifier [0x0113456C+2775612]
	GetHandleVerifier [0x00F251E0+616112]
	(No symbol) [0x00E35F8C]
	(No symbol) [0x00E32328]
	(No symbol) [0x00E3240B]
	(No symbol) [0x00E24FF7]
	BaseThreadInitThunk [0x7662FCC9+25]
	RtlGetAppContainerNamedObjectPath [0x77197C5E+286]
	RtlGetAppContainerNamedObjectPath [0x77197C2E+238]

	at java.base/jdk.internal.reflect.NativeConstructorAccessorImpl.newInstance0(Native Method)
	at java.base/jdk.internal.reflect.NativeConstructorAccessorImpl.newInstance(NativeConstructorAccessorImpl.java:77)
	at java.base/jdk.internal.reflect.DelegatingConstructorAccessorImpl.newInstance(DelegatingConstructorAccessorImpl.java:45)
	at java.base/java.lang.reflect.Constructor.newInstanceWithCaller(Constructor.java:499)
	at java.base/java.lang.reflect.Constructor.newInstance(Constructor.java:480)
	at org.openqa.selenium.remote.W3CHandshakeResponse.lambda$errorHandler$0(W3CHandshakeResponse.java:62)
	at org.openqa.selenium.remote.HandshakeResponse.lambda$getResponseFunction$0(HandshakeResponse.java:30)
	at org.openqa.selenium.remote.ProtocolHandshake.lambda$createSession$0(ProtocolHandshake.java:126)
	at java.base/java.util.stream.ReferencePipeline$3$1.accept(ReferencePipeline.java:197)
	at java.base/java.util.Spliterators$ArraySpliterator.tryAdvance(Spliterators.java:1002)
	at java.base/java.util.stream.ReferencePipeline.forEachWithCancel(ReferencePipeline.java:129)
	at java.base/java.util.stream.AbstractPipeline.copyIntoWithCancel(AbstractPipeline.java:527)
	at java.base/java.util.stream.AbstractPipeline.copyInto(AbstractPipeline.java:513)
	at java.base/java.util.stream.AbstractPipeline.wrapAndCopyInto(AbstractPipeline.java:499)
	at java.base/java.util.stream.FindOps$FindOp.evaluateSequential(FindOps.java:150)
	at java.base/java.util.stream.AbstractPipeline.evaluate(AbstractPipeline.java:234)
	at java.base/java.util.stream.ReferencePipeline.findFirst(ReferencePipeline.java:647)
	at org.openqa.selenium.remote.ProtocolHandshake.createSession(ProtocolHandshake.java:128)
	at org.openqa.selenium.remote.ProtocolHandshake.createSession(ProtocolHandshake.java:74)
	at org.openqa.selenium.remote.HttpCommandExecutor.execute(HttpCommandExecutor.java:136)
	at org.openqa.selenium.remote.service.DriverCommandExecutor.execute(DriverCommandExecutor.java:83)
	at org.openqa.selenium.remote.RemoteWebDriver.execute(RemoteWebDriver.java:552)
	at org.openqa.selenium.remote.RemoteWebDriver.startSession(RemoteWebDriver.java:213)
	at org.openqa.selenium.remote.RemoteWebDriver.<init>(RemoteWebDriver.java:131)
	at org.openqa.selenium.chrome.ChromeDriver.<init>(ChromeDriver.java:181)
	at org.openqa.selenium.chrome.ChromeDriver.<init>(ChromeDriver.java:168)
	at org.openqa.selenium.chrome.ChromeDriver.<init>(ChromeDriver.java:123)
	at driverFactory.DriverFactory.initializeDriver(DriverFactory.java:20)
	at Hooks.configureHooks.launchBrowser(configureHooks.java:34)
</textarea>
      
      </div>
              </div>
              <div class="step skip-bg" title="stepDefinitions.login.when_user_enters_url_as(java.lang.String)">
                <span>Given when user enters url as "http://106.51.87.42:9007/"</span>
      <div>Step skipped
      </div>
              </div>
              <div class="step skip-bg" title="stepDefinitions.login.patient_enters_the_email_as(java.lang.String)">
                <span>When patient enters the email as "rahul@gmail.com"</span>
      <div>Step skipped
      </div>
              </div>
              <div class="step skip-bg" title="stepDefinitions.login.patient_enters_the_password_as(java.lang.String)">
                <span>And patient enters the password as "1234"</span>
      <div>Step skipped
      </div>
              </div>
              <div class="step skip-bg" title="stepDefinitions.login.click_on_login_button()">
                <span>And click on login button</span>
      <div>Step skipped
      </div>
              </div>
              <div class="step skip-bg" title="stepDefinitions.login.page_should_be_displayed(java.lang.String)">
                <span>Then "Pharmacist Dashboard" page should be displayed</span>
      <div>Step skipped
      </div>
              </div>
              <div class="step fail-bg" title="AFTER">
                <span>Hooks.configureHooks.tearDown(io.cucumber.java.Scenario)</span>
      <div>
        <textarea disabled class="code-block">java.lang.NullPointerException: Cannot invoke "org.openqa.selenium.TakesScreenshot.getScreenshotAs(org.openqa.selenium.OutputType)" because "this.driver" is null
	at Hooks.configureHooks.tearDown(configureHooks.java:49)
</textarea>
      
      </div>
              </div>
              <div class="step fail-bg" title="AFTER">
                <span>Hooks.configureHooks.quitBrowser()</span>
      <div>
        <textarea disabled class="code-block">java.lang.NullPointerException: Cannot invoke "org.openqa.selenium.WebDriver.quit()" because "this.driver" is null
	at Hooks.configureHooks.quitBrowser(configureHooks.java:40)
</textarea>
      
      </div>
              </div>
          </div>
        </div>
  </div>
</div>
          </div>
        </li>
      </ul>
    </div>
  </div>
<div class="test-content scrollable">
<div class="test-content-tools">
<ul><li><a class="back-to-test" href="#"><i class="fa fa-arrow-left"></i></a></li></ul>
</div>
<div class="test-content-detail"><div class="detail-body"></div></div>
</div></div>
<div class="test-wrapper row view exception-view attributes-view">
<div class="test-list">
<div class="test-list-tools">
<ul class="tools pull-left"><li><a href=""><span class="font-size-14">Exception</span></a></li></ul>
<ul class="tools text-right"><li><a href="#"><span class="badge badge-primary">2</span></a></li></ul>
</div>
<div class="test-list-wrapper scrollable">
<ul class="test-list-item">
<li class="test-item">
<div class="test-detail">
<span class="meta">
<span class='badge log badge-danger'>5</span>
</span>
<p class="name">org.openqa.selenium.SessionNotCreatedException</p>
<p class="duration text-sm">5 tests</p>
</div>
<div class="test-contents d-none">
<div class="info">
<h4>org.openqa.selenium.SessionNotCreatedException</h4>
<span status="fail" class='badge log badge-danger'>5 failed</span>
</div>
<table class='table table-sm mt-4'>
<thead>
<tr>
<th class="status-col">Status</th>
<th class="timestamp-col">Timestamp</th>
<th>TestName</th>
</tr>
</thead>
<tbody>
<tr class="tag-test-status" status="fail">
<td><span class="badge log fail-bg">Fail</span></td>
<td>12:46:56 PM</td>
<td>
<a href="#" class="linked" test-id='1' id='4'>Hooks.configureHooks.launchBrowser()</a>
<div class="">
<span class="badge badge-default">To test the entire doctor module.Add the prescription for the patient.Hooks.configureHooks.launchBrowser()</span>
</div>
</td>
</tr>
<tr class="tag-test-status" status="fail">
<td><span class="badge log fail-bg">Fail</span></td>
<td>12:47:00 PM</td>
<td>
<a href="#" class="linked" test-id='34' id='37'>Hooks.configureHooks.launchBrowser()</a>
<div class="">
<span class="badge badge-default">To the login Functionality.To test whether the doctor can login with the credentials.Hooks.configureHooks.launchBrowser()</span>
</div>
</td>
</tr>
<tr class="tag-test-status" status="fail">
<td><span class="badge log fail-bg">Fail</span></td>
<td>12:47:02 PM</td>
<td>
<a href="#" class="linked" test-id='34' id='47'>Hooks.configureHooks.launchBrowser()</a>
<div class="">
<span class="badge badge-default">To the login Functionality.To test whether the patient can login with the credentials.Hooks.configureHooks.launchBrowser()</span>
</div>
</td>
</tr>
<tr class="tag-test-status" status="fail">
<td><span class="badge log fail-bg">Fail</span></td>
<td>12:47:05 PM</td>
<td>
<a href="#" class="linked" test-id='34' id='57'>Hooks.configureHooks.launchBrowser()</a>
<div class="">
<span class="badge badge-default">To the login Functionality.To test whether the nurse can login with the credentials.Hooks.configureHooks.launchBrowser()</span>
</div>
</td>
</tr>
<tr class="tag-test-status" status="fail">
<td><span class="badge log fail-bg">Fail</span></td>
<td>12:47:07 PM</td>
<td>
<a href="#" class="linked" test-id='34' id='67'>Hooks.configureHooks.launchBrowser()</a>
<div class="">
<span class="badge badge-default">To the login Functionality.To test whether the pharmacist can login with the credentials.Hooks.configureHooks.launchBrowser()</span>
</div>
</td>
</tr>
</tbody>
</table>
</div>
</li>
<li class="test-item">
<div class="test-detail">
<span class="meta">
<span class='badge log badge-danger'>10</span>
</span>
<p class="name">java.lang.NullPointerException</p>
<p class="duration text-sm">10 tests</p>
</div>
<div class="test-contents d-none">
<div class="info">
<h4>java.lang.NullPointerException</h4>
<span status="fail" class='badge log badge-danger'>10 failed</span>
</div>
<table class='table table-sm mt-4'>
<thead>
<tr>
<th class="status-col">Status</th>
<th class="timestamp-col">Timestamp</th>
<th>TestName</th>
</tr>
</thead>
<tbody>
<tr class="tag-test-status" status="fail">
<td><span class="badge log fail-bg">Fail</span></td>
<td>12:47:00 PM</td>
<td>
<a href="#" class="linked" test-id='1' id='32'>Hooks.configureHooks.tearDown(io.cucumber.java.Scenario)</a>
<div class="">
<span class="badge badge-default">To test the entire doctor module.Add the prescription for the patient.Hooks.configureHooks.tearDown(io.cucumber.java.Scenario)</span>
</div>
</td>
</tr>
<tr class="tag-test-status" status="fail">
<td><span class="badge log fail-bg">Fail</span></td>
<td>12:47:00 PM</td>
<td>
<a href="#" class="linked" test-id='1' id='33'>Hooks.configureHooks.quitBrowser()</a>
<div class="">
<span class="badge badge-default">To test the entire doctor module.Add the prescription for the patient.Hooks.configureHooks.quitBrowser()</span>
</div>
</td>
</tr>
<tr class="tag-test-status" status="fail">
<td><span class="badge log fail-bg">Fail</span></td>
<td>12:47:02 PM</td>
<td>
<a href="#" class="linked" test-id='34' id='43'>Hooks.configureHooks.tearDown(io.cucumber.java.Scenario)</a>
<div class="">
<span class="badge badge-default">To the login Functionality.To test whether the doctor can login with the credentials.Hooks.configureHooks.tearDown(io.cucumber.java.Scenario)</span>
</div>
</td>
</tr>
<tr class="tag-test-status" status="fail">
<td><span class="badge log fail-bg">Fail</span></td>
<td>12:47:02 PM</td>
<td>
<a href="#" class="linked" test-id='34' id='44'>Hooks.configureHooks.quitBrowser()</a>
<div class="">
<span class="badge badge-default">To the login Functionality.To test whether the doctor can login with the credentials.Hooks.configureHooks.quitBrowser()</span>
</div>
</td>
</tr>
<tr class="tag-test-status" status="fail">
<td><span class="badge log fail-bg">Fail</span></td>
<td>12:47:05 PM</td>
<td>
<a href="#" class="linked" test-id='34' id='53'>Hooks.configureHooks.tearDown(io.cucumber.java.Scenario)</a>
<div class="">
<span class="badge badge-default">To the login Functionality.To test whether the patient can login with the credentials.Hooks.configureHooks.tearDown(io.cucumber.java.Scenario)</span>
</div>
</td>
</tr>
<tr class="tag-test-status" status="fail">
<td><span class="badge log fail-bg">Fail</span></td>
<td>12:47:05 PM</td>
<td>
<a href="#" class="linked" test-id='34' id='54'>Hooks.configureHooks.quitBrowser()</a>
<div class="">
<span class="badge badge-default">To the login Functionality.To test whether the patient can login with the credentials.Hooks.configureHooks.quitBrowser()</span>
</div>
</td>
</tr>
<tr class="tag-test-status" status="fail">
<td><span class="badge log fail-bg">Fail</span></td>
<td>12:47:07 PM</td>
<td>
<a href="#" class="linked" test-id='34' id='63'>Hooks.configureHooks.tearDown(io.cucumber.java.Scenario)</a>
<div class="">
<span class="badge badge-default">To the login Functionality.To test whether the nurse can login with the credentials.Hooks.configureHooks.tearDown(io.cucumber.java.Scenario)</span>
</div>
</td>
</tr>
<tr class="tag-test-status" status="fail">
<td><span class="badge log fail-bg">Fail</span></td>
<td>12:47:07 PM</td>
<td>
<a href="#" class="linked" test-id='34' id='64'>Hooks.configureHooks.quitBrowser()</a>
<div class="">
<span class="badge badge-default">To the login Functionality.To test whether the nurse can login with the credentials.Hooks.configureHooks.quitBrowser()</span>
</div>
</td>
</tr>
<tr class="tag-test-status" status="fail">
<td><span class="badge log fail-bg">Fail</span></td>
<td>12:47:10 PM</td>
<td>
<a href="#" class="linked" test-id='34' id='73'>Hooks.configureHooks.tearDown(io.cucumber.java.Scenario)</a>
<div class="">
<span class="badge badge-default">To the login Functionality.To test whether the pharmacist can login with the credentials.Hooks.configureHooks.tearDown(io.cucumber.java.Scenario)</span>
</div>
</td>
</tr>
<tr class="tag-test-status" status="fail">
<td><span class="badge log fail-bg">Fail</span></td>
<td>12:47:10 PM</td>
<td>
<a href="#" class="linked" test-id='34' id='74'>Hooks.configureHooks.quitBrowser()</a>
<div class="">
<span class="badge badge-default">To the login Functionality.To test whether the pharmacist can login with the credentials.Hooks.configureHooks.quitBrowser()</span>
</div>
</td>
</tr>
</tbody>
</table>
</div>
</li>
</ul>
</div>
</div>
<div class="test-content scrollable">
<div class="test-content-detail">
<div class="detail-body"></div>
</div>
</div>
</div>        </div>
      </div>
    </div>
  </div>
<script src="https://cdn.jsdelivr.net/gh/extent-framework/extent-github-cdn@d6562a79075e061305ccfdb82f01e5e195e2d307/spark/js/spark-script.js"></script>
<script type="text/javascript"></script></body>
</html>